#
# A fatal error has been detected by the Java Runtime Environment:
#
#  SIGSEGV (0xb) at pc=0x00007fff8b7c1097, pid=32952, tid=1287
#
# JRE version: Java(TM) SE Runtime Environment (7.0_45-b18) (build 1.7.0_45-b18)
# Java VM: Java HotSpot(TM) 64-Bit Server VM (24.45-b08 mixed mode bsd-amd64 compressed oops)
# Problematic frame:
# C  [libobjc.A.dylib+0x5097]  objc_msgSend+0x17
#
# Failed to write core dump. Core dumps have been disabled. To enable core dumping, try "ulimit -c unlimited" before starting Java again
#
# If you would like to submit a bug report, please visit:
#   http://bugreport.sun.com/bugreport/crash.jsp
# The crash happened outside the Java Virtual Machine in native code.
# See problematic frame for where to report the bug.
#

---------------  T H R E A D  ---------------

Current thread (0x00007f81fc9bc800):  JavaThread "AppKit Thread" daemon [_thread_in_native, id=1287, stack(0x00007fff5a609000,0x00007fff5a689000)]

siginfo:si_signo=SIGSEGV: si_errno=0, si_code=0 (SEGV0), si_addr=0x0000000000000000

Registers:
RAX=0x00007f81fb435440, RBX=0x00000000000f42f9, RCX=0x0000000000000000, RDX=0x00007f81fb48f940
RSP=0x00007fff5a683298, RBP=0x00007fff5a6832a0, RSI=0x00007fff8f2b6b9f, RDI=0x00007f81fb435440
R8 =0x0000000000000040, R9 =0x00007fff5a683200, R10=0x00007fff8f2b6b9f, R11=0x200007f81fb46019
R12=0x00000000000f42f9, R13=0x00007fff5a683468, R14=0x00007f81fb6820a0, R15=0x00007fff5a6833c8
RIP=0x00007fff8b7c1097, EFLAGS=0x0000000000010246, ERR=0x0000000000000000
  TRAPNO=0x000000000000000d

Top of Stack: (sp=0x00007fff5a683298)
0x00007fff5a683298:   00007fff899e3e0c 00007fff5a683600
0x00007fff5a6832a8:   00007fff898d782d 00007fff5a683390
0x00007fff5a6832b8:   00007fff8e3406ca 00007fff5a6832f0
0x00007fff5a6832c8:   00007fff8b7d9a02 0000000000000798
0x00007fff5a6832d8:   00000000000f42fb 0000000000000002
0x00007fff5a6832e8:   00007f81fb43eee0 00007f81fb43e820
0x00007fff5a6832f8:   00007f81fb6082c0 00007f81fb48f940
0x00007fff5a683308:   00007fff5a6833c0 0000000000000000
0x00007fff5a683318:   00000000000f42f9 0000000000000051
0x00007fff5a683328:   00007fff5a683440 0000000000000000
0x00007fff5a683338:   0000000000000001 00007f81fb6082b0
0x00007fff5a683348:   000000000000004f 0000000000533427
0x00007fff5a683358:   0000010000000000 00007fff77702a60
0x00007fff5a683368:   0000206000a7a6ea 00007fff5a6834c0
0x00007fff5a683378:   0000000000000000 00007fff5a683458
0x00007fff5a683388:   00007fff5a683438 00007fff77702a48
0x00007fff5a683398:   0000000000000000 0000000000000012
0x00007fff5a6833a8:   00007fff8ba7a6ea 00007fff78accd38
0x00007fff5a6833b8:   0000000000000000 00007f81fb43ef60
0x00007fff5a6833c8:   00007f81fb6820a0 00007fff924a3b08
0x00007fff5a6833d8:   0000000000000000 00007fff5a6834a0
0x00007fff5a6833e8:   00007fff8a4b5dde 00007fff791410d0
0x00007fff5a6833f8:   0000000042000000 00007fff8a4be1d1
0x00007fff5a683408:   00007fff776deb40 00007fff5a683508
0x00007fff5a683418:   00007fff5a683438 00007fff5a683458
0x00007fff5a683428:   0000000000000000 0000000105590001
0x00007fff5a683438:   0000000000000000 000000000000004d
0x00007fff5a683448:   0000000000000000 00000000000f42e3
0x00007fff5a683458:   000000000000004f 0000000000000000
0x00007fff5a683468:   00000000000f42f9 000000015a683510
0x00007fff5a683478:   00007fff8ba7b261 00007fff77924748
0x00007fff5a683488:   00007fff7792474c 00000000779201b8 

Instructions: (pc=0x00007fff8b7c1097)
0x00007fff8b7c1077:   90 90 90 90 90 90 90 90 90 48 85 ff 2e 74 72 40
0x00007fff8b7c1087:   f6 c7 01 2e 0f 85 7e 00 00 00 4c 8b 1f 49 89 f2
0x00007fff8b7c1097:   45 23 53 18 49 c1 e2 04 4d 03 53 10 49 3b 32 75
0x00007fff8b7c10a7:   04 41 ff 62 08 49 83 3a 00 74 74 4d 3b 53 10 74 

Register to memory mapping:

RAX=0x00007f81fb435440 is an unknown value
RBX=0x00000000000f42f9 is an unknown value
RCX=0x0000000000000000 is an unknown value
RDX=0x00007f81fb48f940 is an unknown value
RSP=0x00007fff5a683298 is pointing into the stack for thread: 0x00007f81fc9bc800
RBP=0x00007fff5a6832a0 is pointing into the stack for thread: 0x00007f81fc9bc800
RSI=0x00007fff8f2b6b9f: NSAppKitVersionNumber+0x5358f in /System/Library/Frameworks/AppKit.framework/Versions/C/AppKit at 0x00007fff8e813000
RDI=0x00007f81fb435440 is an unknown value
R8 =0x0000000000000040 is an unknown value
R9 =0x00007fff5a683200 is pointing into the stack for thread: 0x00007f81fc9bc800
R10=0x00007fff8f2b6b9f: NSAppKitVersionNumber+0x5358f in /System/Library/Frameworks/AppKit.framework/Versions/C/AppKit at 0x00007fff8e813000
R11=0x200007f81fb46019 is an unknown value
R12=0x00000000000f42f9 is an unknown value
R13=0x00007fff5a683468 is pointing into the stack for thread: 0x00007f81fc9bc800
R14=0x00007f81fb6820a0 is an unknown value
R15=0x00007fff5a6833c8 is pointing into the stack for thread: 0x00007f81fc9bc800


Stack: [0x00007fff5a609000,0x00007fff5a689000],  sp=0x00007fff5a683298,  free space=488k
Native frames: (J=compiled Java code, j=interpreted, Vv=VM code, C=native code)
C  [libobjc.A.dylib+0x5097]  objc_msgSend+0x17
C  [CoreFoundation+0x1082d]  _CFXNotificationPost+0xb4d
C  [Foundation+0x27ba]  -[NSNotificationCenter postNotificationName:object:userInfo:]+0x44
C  [AppKit+0x10f5a9]  -[NSSurface _disposeSurface]+0x98
C  [AppKit+0x10f045]  -[NSSurface setWindow:]+0x46
C  [AppKit+0x3af27]  -[NSView _setWindow:]+0x8ea
C  [AppKit+0x3bf7a]  -[NSView removeFromSuperview]+0x15e
C  [AppKit+0x986e9]  -[NSView removeFromSuperviewWithoutNeedingDisplay]+0x26
C  [liblwjgl.dylib+0x9c3e]  +[MacOSXKeyableWindow destroyWindow]+0xde
C  [Foundation+0x6313e]  __NSThreadPerformPerform+0xe5
C  [CoreFoundation+0x7f5b1]  __CFRUNLOOP_IS_CALLING_OUT_TO_A_SOURCE0_PERFORM_FUNCTION__+0x11
C  [CoreFoundation+0x70c62]  __CFRunLoopDoSources0+0xf2
C  [CoreFoundation+0x703ef]  __CFRunLoopRun+0x33f
C  [CoreFoundation+0x6fe75]  CFRunLoopRunSpecific+0x135
C  [HIToolbox+0x2ea0d]  RunCurrentEventLoopInMode+0xe2
C  [HIToolbox+0x2e7b7]  ReceiveNextEventCommon+0x1df
C  [HIToolbox+0x2e5bc]  _BlockUntilNextEventMatchingListInModeWithFilter+0x41
C  [AppKit+0x2424e]  _DPSNextEvent+0x59a
C  [AppKit+0x2389b]  -[NSApplication nextEventMatchingMask:untilDate:inMode:dequeue:]+0x7a
C  [libosxapp.dylib+0x16f4]  -[NSApplicationAWT nextEventMatchingMask:untilDate:inMode:dequeue:]+0x7c
C  [AppKit+0x1799c]  -[NSApplication run]+0x229
C  [libosxapp.dylib+0x1557]  +[NSApplicationAWT runAWTLoopWithApp:]+0x9c
C  [liblwawt.dylib+0xdba9]  -[AWTStarter starter:]+0x369
C  [Foundation+0x6313e]  __NSThreadPerformPerform+0xe5
C  [CoreFoundation+0x7f5b1]  __CFRUNLOOP_IS_CALLING_OUT_TO_A_SOURCE0_PERFORM_FUNCTION__+0x11
C  [CoreFoundation+0x70c62]  __CFRunLoopDoSources0+0xf2
C  [CoreFoundation+0x703ef]  __CFRunLoopRun+0x33f
C  [CoreFoundation+0x6fe75]  CFRunLoopRunSpecific+0x135
C  [java+0x73b0]  CreateExecutionEnvironment+0x367
C  [java+0x1b5c]  JLI_Launch+0x7a0
C  [java+0x770d]  main+0x65
C  [java+0x13b4]  start+0x34


---------------  P R O C E S S  ---------------

Java Threads: ( => current thread )
  0x00007f81fe0a7800 JavaThread "AWT-Shutdown" [_thread_blocked, id=37703, stack(0x0000000139f90000,0x000000013a090000)]
  0x00007f81fd17d000 JavaThread "DestroyJavaVM" [_thread_blocked, id=6403, stack(0x00000001060df000,0x00000001061df000)]
  0x00007f81fb81c800 JavaThread "LWJGL Application" [_thread_in_native, id=65539, stack(0x0000000117ae3000,0x0000000117be3000)]
=>0x00007f81fc9bc800 JavaThread "AppKit Thread" daemon [_thread_in_native, id=1287, stack(0x00007fff5a609000,0x00007fff5a689000)]
  0x00007f81fd0d9000 JavaThread "Monitor Ctrl-Break" daemon [_thread_in_native, id=22275, stack(0x000000011247e000,0x000000011257e000)]
  0x00007f81fc806000 JavaThread "Service Thread" daemon [_thread_blocked, id=21251, stack(0x0000000111f86000,0x0000000112086000)]
  0x00007f81fc805000 JavaThread "C2 CompilerThread1" daemon [_thread_blocked, id=20739, stack(0x0000000111e83000,0x0000000111f83000)]
  0x00007f81fc801000 JavaThread "C2 CompilerThread0" daemon [_thread_blocked, id=20227, stack(0x0000000111d80000,0x0000000111e80000)]
  0x00007f81fd013000 JavaThread "Signal Dispatcher" daemon [_thread_blocked, id=19715, stack(0x0000000111c7d000,0x0000000111d7d000)]
  0x00007f81fd00a000 JavaThread "Finalizer" daemon [_thread_blocked, id=14595, stack(0x0000000111a2e000,0x0000000111b2e000)]
  0x00007f81fe000000 JavaThread "Reference Handler" daemon [_thread_blocked, id=14083, stack(0x000000011192b000,0x0000000111a2b000)]

Other Threads:
  0x00007f81fc057800 VMThread [stack: 0x0000000111828000,0x0000000111928000] [id=13571]
  0x00007f81fc80e800 WatcherThread [stack: 0x0000000112089000,0x0000000112189000] [id=21763]

VM state:not at safepoint (normal execution)

VM Mutex/Monitor currently owned by a thread: None

Heap
 PSYoungGen      total 32768K, used 25603K [0x00000007d5500000, 0x00000007d7e80000, 0x0000000800000000)
  eden space 32256K, 78% used [0x00000007d5500000,0x00000007d6da15b8,0x00000007d7480000)
  from space 512K, 74% used [0x00000007d7500000,0x00000007d755f8a8,0x00000007d7580000)
  to   space 5120K, 0% used [0x00000007d7980000,0x00000007d7980000,0x00000007d7e80000)
 ParOldGen       total 87040K, used 1229K [0x0000000780000000, 0x0000000785500000, 0x00000007d5500000)
  object space 87040K, 1% used [0x0000000780000000,0x0000000780133718,0x0000000785500000)
 PSPermGen       total 21504K, used 10068K [0x000000077ae00000, 0x000000077c300000, 0x0000000780000000)
  object space 21504K, 46% used [0x000000077ae00000,0x000000077b7d52e8,0x000000077c300000)

Card table byte_map: [0x000000010a2f9000,0x000000010a723000] byte_map_base: 0x0000000106722000

Polling page: 0x00000001061ee000

Code Cache  [0x0000000107239000, 0x00000001074a9000, 0x000000010a239000)
 total_blobs=887 nmethods=518 adapters=323 free_code_cache=47691Kb largest_free_block=48809408

Compilation events (10 events):
Event: 3866.782 Thread 0x00007f81fc805000  514             com.badlogic.gdx.backends.lwjgl.LwjglInput::update (9 bytes)
Event: 3866.782 Thread 0x00007f81fc801000  515             com.badlogic.gdx.backends.lwjgl.LwjglInput::updateKeyboard (364 bytes)
Event: 3866.784 Thread 0x00007f81fc805000 nmethod 514 0x000000010738eb90 code [0x000000010738ece0, 0x000000010738ed78]
Event: 3866.794 Thread 0x00007f81fc801000 nmethod 515 0x0000000107394a90 code [0x0000000107394ca0, 0x0000000107395220]
Event: 7827.572 Thread 0x00007f81fc805000  516   !         com.github.dant3.games.graphics.GifDecoder::read (21 bytes)
Event: 7827.573 Thread 0x00007f81fc805000 nmethod 516 0x000000010738e790 code [0x000000010738e8e0, 0x000000010738e9c8]
Event: 7859.076 Thread 0x00007f81fc801000  517             java.nio.HeapByteBuffer::_put (8 bytes)
Event: 7859.077 Thread 0x00007f81fc801000 nmethod 517 0x0000000107395950 code [0x0000000107395aa0, 0x0000000107395b58]
Event: 7859.098 Thread 0x00007f81fc805000  518             java.nio.HeapByteBuffer::_get (7 bytes)
Event: 7859.099 Thread 0x00007f81fc805000 nmethod 518 0x0000000107394810 code [0x0000000107394960, 0x00000001073949f8]

GC Heap History (10 events):
Event: 3685.465 GC heap before
{Heap before GC invocations=3 (full 0):
 PSYoungGen      total 38912K, used 35050K [0x00000007d5500000, 0x00000007d8000000, 0x0000000800000000)
  eden space 33792K, 99% used [0x00000007d5500000,0x00000007d75afac0,0x00000007d7600000)
  from space 5120K, 30% used [0x00000007d7b00000,0x00000007d7c8b138,0x00000007d8000000)
  to   space 5120K, 0% used [0x00000007d7600000,0x00000007d7600000,0x00000007d7b00000)
 ParOldGen       total 87040K, used 16K [0x0000000780000000, 0x0000000785500000, 0x00000007d5500000)
  object space 87040K, 0% used [0x0000000780000000,0x0000000780004000,0x0000000785500000)
 PSPermGen       total 21504K, used 10052K [0x000000077ae00000, 0x000000077c300000, 0x0000000780000000)
  object space 21504K, 46% used [0x000000077ae00000,0x000000077b7d1340,0x000000077c300000)
Event: 3685.473 GC heap after
Heap after GC invocations=3 (full 0):
 PSYoungGen      total 38912K, used 1548K [0x00000007d5500000, 0x00000007d8000000, 0x0000000800000000)
  eden space 33792K, 0% used [0x00000007d5500000,0x00000007d5500000,0x00000007d7600000)
  from space 5120K, 30% used [0x00000007d7600000,0x00000007d7783138,0x00000007d7b00000)
  to   space 5120K, 0% used [0x00000007d7b00000,0x00000007d7b00000,0x00000007d8000000)
 ParOldGen       total 87040K, used 24K [0x0000000780000000, 0x0000000785500000, 0x00000007d5500000)
  object space 87040K, 0% used [0x0000000780000000,0x0000000780006000,0x0000000785500000)
 PSPermGen       total 21504K, used 10052K [0x000000077ae00000, 0x000000077c300000, 0x0000000780000000)
  object space 21504K, 46% used [0x000000077ae00000,0x000000077b7d1340,0x000000077c300000)
}
Event: 3756.189 GC heap before
{Heap before GC invocations=4 (full 0):
 PSYoungGen      total 38912K, used 35248K [0x00000007d5500000, 0x00000007d8000000, 0x0000000800000000)
  eden space 33792K, 99% used [0x00000007d5500000,0x00000007d75e8fb0,0x00000007d7600000)
  from space 5120K, 30% used [0x00000007d7600000,0x00000007d7783138,0x00000007d7b00000)
  to   space 5120K, 0% used [0x00000007d7b00000,0x00000007d7b00000,0x00000007d8000000)
 ParOldGen       total 87040K, used 24K [0x0000000780000000, 0x0000000785500000, 0x00000007d5500000)
  object space 87040K, 0% used [0x0000000780000000,0x0000000780006000,0x0000000785500000)
 PSPermGen       total 21504K, used 10056K [0x000000077ae00000, 0x000000077c300000, 0x0000000780000000)
  object space 21504K, 46% used [0x000000077ae00000,0x000000077b7d2210,0x000000077c300000)
Event: 3756.199 GC heap after
Heap after GC invocations=4 (full 0):
 PSYoungGen      total 38912K, used 1452K [0x00000007d5500000, 0x00000007d8000000, 0x0000000800000000)
  eden space 33792K, 0% used [0x00000007d5500000,0x00000007d5500000,0x00000007d7600000)
  from space 5120K, 28% used [0x00000007d7b00000,0x00000007d7c6b158,0x00000007d8000000)
  to   space 5120K, 0% used [0x00000007d7600000,0x00000007d7600000,0x00000007d7b00000)
 ParOldGen       total 87040K, used 32K [0x0000000780000000, 0x0000000785500000, 0x00000007d5500000)
  object space 87040K, 0% used [0x0000000780000000,0x0000000780008000,0x0000000785500000)
 PSPermGen       total 21504K, used 10056K [0x000000077ae00000, 0x000000077c300000, 0x0000000780000000)
  object space 21504K, 46% used [0x000000077ae00000,0x000000077b7d2210,0x000000077c300000)
}
Event: 7439.716 GC heap before
{Heap before GC invocations=5 (full 0):
 PSYoungGen      total 38912K, used 34906K [0x00000007d5500000, 0x00000007d8000000, 0x0000000800000000)
  eden space 33792K, 99% used [0x00000007d5500000,0x00000007d75ab9a8,0x00000007d7600000)
  from space 5120K, 28% used [0x00000007d7b00000,0x00000007d7c6b158,0x00000007d8000000)
  to   space 5120K, 0% used [0x00000007d7600000,0x00000007d7600000,0x00000007d7b00000)
 ParOldGen       total 87040K, used 32K [0x0000000780000000, 0x0000000785500000, 0x00000007d5500000)
  object space 87040K, 0% used [0x0000000780000000,0x0000000780008000,0x0000000785500000)
 PSPermGen       total 21504K, used 10056K [0x000000077ae00000, 0x000000077c300000, 0x0000000780000000)
  object space 21504K, 46% used [0x000000077ae00000,0x000000077b7d2230,0x000000077c300000)
Event: 7439.727 GC heap after
Heap after GC invocations=5 (full 0):
 PSYoungGen      total 34816K, used 1468K [0x00000007d5500000, 0x00000007d7f80000, 0x0000000800000000)
  eden space 33280K, 0% used [0x00000007d5500000,0x00000007d5500000,0x00000007d7580000)
  from space 1536K, 95% used [0x00000007d7600000,0x00000007d776f148,0x00000007d7780000)
  to   space 5120K, 0% used [0x00000007d7a80000,0x00000007d7a80000,0x00000007d7f80000)
 ParOldGen       total 87040K, used 40K [0x0000000780000000, 0x0000000785500000, 0x00000007d5500000)
  object space 87040K, 0% used [0x0000000780000000,0x000000078000a000,0x0000000785500000)
 PSPermGen       total 21504K, used 10056K [0x000000077ae00000, 0x000000077c300000, 0x0000000780000000)
  object space 21504K, 46% used [0x000000077ae00000,0x000000077b7d2230,0x000000077c300000)
}
Event: 7509.664 GC heap before
{Heap before GC invocations=6 (full 0):
 PSYoungGen      total 34816K, used 34748K [0x00000007d5500000, 0x00000007d7f80000, 0x0000000800000000)
  eden space 33280K, 100% used [0x00000007d5500000,0x00000007d7580000,0x00000007d7580000)
  from space 1536K, 95% used [0x00000007d7600000,0x00000007d776f148,0x00000007d7780000)
  to   space 5120K, 0% used [0x00000007d7a80000,0x00000007d7a80000,0x00000007d7f80000)
 ParOldGen       total 87040K, used 40K [0x0000000780000000, 0x0000000785500000, 0x00000007d5500000)
  object space 87040K, 0% used [0x0000000780000000,0x000000078000a000,0x0000000785500000)
 PSPermGen       total 21504K, used 10056K [0x000000077ae00000, 0x000000077c300000, 0x0000000780000000)
  object space 21504K, 46% used [0x000000077ae00000,0x000000077b7d2230,0x000000077c300000)
Event: 7509.667 GC heap after
Heap after GC invocations=6 (full 0):
 PSYoungGen      total 37376K, used 1310K [0x00000007d5500000, 0x00000007d7f00000, 0x0000000800000000)
  eden space 32768K, 0% used [0x00000007d5500000,0x00000007d5500000,0x00000007d7500000)
  from space 4608K, 28% used [0x00000007d7a80000,0x00000007d7bc78a0,0x00000007d7f00000)
  to   space 5120K, 0% used [0x00000007d7500000,0x00000007d7500000,0x00000007d7a00000)
 ParOldGen       total 87040K, used 40K [0x0000000780000000, 0x0000000785500000, 0x00000007d5500000)
  object space 87040K, 0% used [0x0000000780000000,0x000000078000a000,0x0000000785500000)
 PSPermGen       total 21504K, used 10056K [0x000000077ae00000, 0x000000077c300000, 0x0000000780000000)
  object space 21504K, 46% used [0x000000077ae00000,0x000000077b7d2230,0x000000077c300000)
}
Event: 7852.183 GC heap before
{Heap before GC invocations=7 (full 0):
 PSYoungGen      total 37376K, used 34046K [0x00000007d5500000, 0x00000007d7f00000, 0x0000000800000000)
  eden space 32768K, 99% used [0x00000007d5500000,0x00000007d74f8020,0x00000007d7500000)
  from space 4608K, 28% used [0x00000007d7a80000,0x00000007d7bc78a0,0x00000007d7f00000)
  to   space 5120K, 0% used [0x00000007d7500000,0x00000007d7500000,0x00000007d7a00000)
 ParOldGen       total 87040K, used 40K [0x0000000780000000, 0x0000000785500000, 0x00000007d5500000)
  object space 87040K, 0% used [0x0000000780000000,0x000000078000a000,0x0000000785500000)
 PSPermGen       total 21504K, used 10057K [0x000000077ae00000, 0x000000077c300000, 0x0000000780000000)
  object space 21504K, 46% used [0x000000077ae00000,0x000000077b7d2698,0x000000077c300000)
Event: 7852.186 GC heap after
Heap after GC invocations=7 (full 0):
 PSYoungGen      total 32768K, used 382K [0x00000007d5500000, 0x00000007d7e80000, 0x0000000800000000)
  eden space 32256K, 0% used [0x00000007d5500000,0x00000007d5500000,0x00000007d7480000)
  from space 512K, 74% used [0x00000007d7500000,0x00000007d755f8a8,0x00000007d7580000)
  to   space 5120K, 0% used [0x00000007d7980000,0x00000007d7980000,0x00000007d7e80000)
 ParOldGen       total 87040K, used 1229K [0x0000000780000000, 0x0000000785500000, 0x00000007d5500000)
  object space 87040K, 1% used [0x0000000780000000,0x0000000780133718,0x0000000785500000)
 PSPermGen       total 21504K, used 10057K [0x000000077ae00000, 0x000000077c300000, 0x0000000780000000)
  object space 21504K, 46% used [0x000000077ae00000,0x000000077b7d2698,0x000000077c300000)
}

Deoptimization events (0 events):
No events

Internal exceptions (10 events):
Event: 4.122 Thread 0x00007f81fb81c800 Threw 0x00000007d551d310 at /HUDSON/workspace/7u-2-build-macosx-x86_64/jdk7u45/229/hotspot/src/share/vm/prims/jvm.cpp:1244
Event: 4.122 Thread 0x00007f81fb81c800 Threw 0x00000007d5523908 at /HUDSON/workspace/7u-2-build-macosx-x86_64/jdk7u45/229/hotspot/src/share/vm/prims/jvm.cpp:1244
Event: 4.123 Thread 0x00007f81fb81c800 Threw 0x00000007d5529420 at /HUDSON/workspace/7u-2-build-macosx-x86_64/jdk7u45/229/hotspot/src/share/vm/prims/jvm.cpp:1244
Event: 4.123 Thread 0x00007f81fb81c800 Threw 0x00000007d55365a8 at /HUDSON/workspace/7u-2-build-macosx-x86_64/jdk7u45/229/hotspot/src/share/vm/prims/jvm.cpp:1244
Event: 4.124 Thread 0x00007f81fb81c800 Threw 0x00000007d5542928 at /HUDSON/workspace/7u-2-build-macosx-x86_64/jdk7u45/229/hotspot/src/share/vm/prims/jvm.cpp:1244
Event: 17.341 Thread 0x00007f81fb81c800 Threw 0x00000007d5e41ff8 at /HUDSON/workspace/7u-2-build-macosx-x86_64/jdk7u45/229/hotspot/src/share/vm/prims/jvm.cpp:1244
Event: 17.341 Thread 0x00007f81fb81c800 Threw 0x00000007d5e49618 at /HUDSON/workspace/7u-2-build-macosx-x86_64/jdk7u45/229/hotspot/src/share/vm/prims/jvm.cpp:1244
Event: 3721.710 Thread 0x00007f81fb81c800 Threw 0x00000007d6613260 at /HUDSON/workspace/7u-2-build-macosx-x86_64/jdk7u45/229/hotspot/src/share/vm/prims/jvm.cpp:1244
Event: 7886.503 Thread 0x00007f81fb81c800 Threw 0x00000007d6d01c38 at /HUDSON/workspace/7u-2-build-macosx-x86_64/jdk7u45/229/hotspot/src/share/vm/prims/jvm.cpp:1244
Event: 7886.540 Thread 0x00007f81fb81c800 Threw 0x00000007d6d6a410 at /HUDSON/workspace/7u-2-build-macosx-x86_64/jdk7u45/229/hotspot/src/share/vm/prims/jvm.cpp:1244

Events (10 events):
Event: 7852.188 Executing VM operation: RevokeBias
Event: 7852.188 Executing VM operation: RevokeBias done
Event: 7852.188 Executing VM operation: BulkRevokeBias
Event: 7852.188 Executing VM operation: BulkRevokeBias done
Event: 7852.188 Executing VM operation: BulkRevokeBias
Event: 7852.188 Executing VM operation: BulkRevokeBias done
Event: 7886.503 loading class 0x00007f81fb6532e0
Event: 7886.503 loading class 0x00007f81fb6532e0 done
Event: 7886.540 loading class 0x00007f81fb433540
Event: 7886.540 loading class 0x00007f81fb433540 done


Dynamic libraries:
0x0000000006d58000 	/System/Library/Frameworks/Cocoa.framework/Versions/A/Cocoa
0x0000000006d58000 	/System/Library/Frameworks/Security.framework/Versions/A/Security
0x0000000006d58000 	/System/Library/Frameworks/ApplicationServices.framework/Versions/A/ApplicationServices
0x0000000006d58000 	/usr/lib/libz.1.dylib
0x0000000006d58000 	/usr/lib/libSystem.B.dylib
0x0000000006d58000 	/usr/lib/libobjc.A.dylib
0x0000000006d58000 	/System/Library/Frameworks/CoreFoundation.framework/Versions/A/CoreFoundation
0x0000000006d58000 	/System/Library/Frameworks/Foundation.framework/Versions/C/Foundation
0x0000000006d58000 	/System/Library/Frameworks/AppKit.framework/Versions/C/AppKit
0x0000000006d58000 	/System/Library/Frameworks/CoreData.framework/Versions/A/CoreData
0x0000000006d58000 	/System/Library/PrivateFrameworks/RemoteViewServices.framework/Versions/A/RemoteViewServices
0x0000000006d58000 	/System/Library/Frameworks/AudioToolbox.framework/Versions/A/AudioToolbox
0x0000000006d58000 	/System/Library/Frameworks/AudioUnit.framework/Versions/A/AudioUnit
0x0000000006d58000 	/System/Library/PrivateFrameworks/DataDetectorsCore.framework/Versions/A/DataDetectorsCore
0x0000000006d58000 	/System/Library/PrivateFrameworks/DesktopServicesPriv.framework/Versions/A/DesktopServicesPriv
0x0000000006d58000 	/System/Library/Frameworks/Carbon.framework/Versions/A/Frameworks/HIToolbox.framework/Versions/A/HIToolbox
0x0000000006d58000 	/System/Library/Frameworks/QuartzCore.framework/Versions/A/QuartzCore
0x0000000006d58000 	/System/Library/Frameworks/Carbon.framework/Versions/A/Frameworks/SpeechRecognition.framework/Versions/A/SpeechRecognition
0x0000000006d58000 	/usr/lib/libauto.dylib
0x0000000006d58000 	/usr/lib/libicucore.A.dylib
0x0000000006d58000 	/usr/lib/libxml2.2.dylib
0x0000000006d58000 	/System/Library/PrivateFrameworks/CoreUI.framework/Versions/A/CoreUI
0x0000000006d58000 	/System/Library/Frameworks/CoreAudio.framework/Versions/A/CoreAudio
0x0000000006d58000 	/System/Library/Frameworks/DiskArbitration.framework/Versions/A/DiskArbitration
0x0000000006d58000 	/usr/lib/liblangid.dylib
0x0000000006d58000 	/System/Library/PrivateFrameworks/MultitouchSupport.framework/Versions/A/MultitouchSupport
0x0000000006d58000 	/System/Library/Frameworks/IOKit.framework/Versions/A/IOKit
0x0000000006d58000 	/usr/lib/libDiagnosticMessagesClient.dylib
0x0000000006d58000 	/System/Library/Frameworks/CoreServices.framework/Versions/A/CoreServices
0x0000000006d58000 	/System/Library/PrivateFrameworks/PerformanceAnalysis.framework/Versions/A/PerformanceAnalysis
0x0000000006d58000 	/System/Library/PrivateFrameworks/GenerationalStorage.framework/Versions/A/GenerationalStorage
0x0000000006d58000 	/System/Library/Frameworks/OpenGL.framework/Versions/A/OpenGL
0x0000000006d58000 	/System/Library/PrivateFrameworks/Sharing.framework/Versions/A/Sharing
0x0000000006d58000 	/System/Library/Frameworks/ImageIO.framework/Versions/A/ImageIO
0x0000000006d58000 	/System/Library/Frameworks/CoreText.framework/Versions/A/CoreText
0x0000000006d58000 	/System/Library/Frameworks/CoreGraphics.framework/Versions/A/CoreGraphics
0x0000000006d58000 	/System/Library/PrivateFrameworks/Backup.framework/Versions/A/Backup
0x0000000006d58000 	/System/Library/Frameworks/CFNetwork.framework/Versions/A/CFNetwork
0x0000000006d58000 	/System/Library/Frameworks/SystemConfiguration.framework/Versions/A/SystemConfiguration
0x0000000006d58000 	/usr/lib/libCRFSuite.dylib
0x0000000006d58000 	/usr/lib/libc++.1.dylib
0x0000000006d58000 	/usr/lib/libc++abi.dylib
0x0000000006d58000 	/usr/lib/system/libcache.dylib
0x0000000006d58000 	/usr/lib/system/libcommonCrypto.dylib
0x0000000006d58000 	/usr/lib/system/libcompiler_rt.dylib
0x0000000006d58000 	/usr/lib/system/libcopyfile.dylib
0x0000000006d58000 	/usr/lib/system/libcorecrypto.dylib
0x0000000006d58000 	/usr/lib/system/libdispatch.dylib
0x0000000006d58000 	/usr/lib/system/libdyld.dylib
0x0000000006d58000 	/usr/lib/system/libkeymgr.dylib
0x0000000006d58000 	/usr/lib/system/liblaunch.dylib
0x0000000006d58000 	/usr/lib/system/libmacho.dylib
0x0000000006d58000 	/usr/lib/system/libquarantine.dylib
0x0000000006d58000 	/usr/lib/system/libremovefile.dylib
0x0000000006d58000 	/usr/lib/system/libsystem_asl.dylib
0x0000000006d58000 	/usr/lib/system/libsystem_blocks.dylib
0x0000000006d58000 	/usr/lib/system/libsystem_c.dylib
0x0000000006d58000 	/usr/lib/system/libsystem_configuration.dylib
0x0000000006d58000 	/usr/lib/system/libsystem_dnssd.dylib
0x0000000006d58000 	/usr/lib/system/libsystem_info.dylib
0x0000000006d58000 	/usr/lib/system/libsystem_kernel.dylib
0x0000000006d58000 	/usr/lib/system/libsystem_m.dylib
0x0000000006d58000 	/usr/lib/system/libsystem_malloc.dylib
0x0000000006d58000 	/usr/lib/system/libsystem_network.dylib
0x0000000006d58000 	/usr/lib/system/libsystem_notify.dylib
0x0000000006d58000 	/usr/lib/system/libsystem_platform.dylib
0x0000000006d58000 	/usr/lib/system/libsystem_pthread.dylib
0x0000000006d58000 	/usr/lib/system/libsystem_sandbox.dylib
0x0000000006d58000 	/usr/lib/system/libsystem_stats.dylib
0x0000000006d58000 	/usr/lib/system/libunc.dylib
0x0000000006d58000 	/usr/lib/system/libunwind.dylib
0x0000000006d58000 	/usr/lib/system/libxpc.dylib
0x0000000006d58000 	/usr/lib/libbsm.0.dylib
0x0000000006d58000 	/usr/lib/libsqlite3.dylib
0x0000000006d58000 	/usr/lib/libxar.1.dylib
0x0000000006d58000 	/usr/lib/libpam.2.dylib
0x0000000006d58000 	/usr/lib/libOpenScriptingUtil.dylib
0x0000000006d58000 	/usr/lib/libbz2.1.0.dylib
0x0000000006d58000 	/System/Library/Frameworks/CoreServices.framework/Versions/A/Frameworks/CarbonCore.framework/Versions/A/CarbonCore
0x0000000006d58000 	/System/Library/Frameworks/CoreServices.framework/Versions/A/Frameworks/Metadata.framework/Versions/A/Metadata
0x0000000006d58000 	/System/Library/Frameworks/CoreServices.framework/Versions/A/Frameworks/OSServices.framework/Versions/A/OSServices
0x0000000006d58000 	/System/Library/Frameworks/CoreServices.framework/Versions/A/Frameworks/SearchKit.framework/Versions/A/SearchKit
0x0000000006d58000 	/System/Library/Frameworks/CoreServices.framework/Versions/A/Frameworks/AE.framework/Versions/A/AE
0x0000000006d58000 	/System/Library/Frameworks/CoreServices.framework/Versions/A/Frameworks/LaunchServices.framework/Versions/A/LaunchServices
0x0000000006d58000 	/System/Library/Frameworks/CoreServices.framework/Versions/A/Frameworks/DictionaryServices.framework/Versions/A/DictionaryServices
0x0000000006d58000 	/System/Library/Frameworks/NetFS.framework/Versions/A/NetFS
0x0000000006d58000 	/usr/lib/system/libkxld.dylib
0x0000000006d58000 	/System/Library/PrivateFrameworks/NetAuth.framework/Versions/A/NetAuth
0x0000000006d58000 	/System/Library/PrivateFrameworks/TCC.framework/Versions/A/TCC
0x0000000006d58000 	/System/Library/Frameworks/OpenDirectory.framework/Versions/A/Frameworks/CFOpenDirectory.framework/Versions/A/CFOpenDirectory
0x0000000006d58000 	/System/Library/Frameworks/ServiceManagement.framework/Versions/A/ServiceManagement
0x0000000006d58000 	/usr/lib/libxslt.1.dylib
0x0000000006d58000 	/System/Library/Frameworks/Carbon.framework/Versions/A/Frameworks/Ink.framework/Versions/A/Ink
0x0000000006d58000 	/System/Library/Frameworks/ApplicationServices.framework/Versions/A/Frameworks/ATS.framework/Versions/A/ATS
0x0000000006d58000 	/System/Library/Frameworks/ApplicationServices.framework/Versions/A/Frameworks/ColorSync.framework/Versions/A/ColorSync
0x0000000006d58000 	/System/Library/Frameworks/ApplicationServices.framework/Versions/A/Frameworks/HIServices.framework/Versions/A/HIServices
0x0000000006d58000 	/System/Library/Frameworks/ApplicationServices.framework/Versions/A/Frameworks/LangAnalysis.framework/Versions/A/LangAnalysis
0x0000000006d58000 	/System/Library/Frameworks/ApplicationServices.framework/Versions/A/Frameworks/PrintCore.framework/Versions/A/PrintCore
0x0000000006d58000 	/System/Library/Frameworks/ApplicationServices.framework/Versions/A/Frameworks/QD.framework/Versions/A/QD
0x0000000006d58000 	/System/Library/Frameworks/ApplicationServices.framework/Versions/A/Frameworks/SpeechSynthesis.framework/Versions/A/SpeechSynthesis
0x0000000006d58000 	/System/Library/Frameworks/IOSurface.framework/Versions/A/IOSurface
0x0000000006d58000 	/System/Library/Frameworks/Accelerate.framework/Versions/A/Accelerate
0x0000000006d58000 	/System/Library/Frameworks/Accelerate.framework/Versions/A/Frameworks/vImage.framework/Versions/A/vImage
0x0000000006d58000 	/System/Library/Frameworks/Accelerate.framework/Versions/A/Frameworks/vecLib.framework/Versions/A/vecLib
0x0000000006d58000 	/System/Library/Frameworks/Accelerate.framework/Versions/A/Frameworks/vecLib.framework/Versions/A/libvDSP.dylib
0x0000000006d58000 	/System/Library/Frameworks/Accelerate.framework/Versions/A/Frameworks/vecLib.framework/Versions/A/libvMisc.dylib
0x0000000006d58000 	/System/Library/Frameworks/Accelerate.framework/Versions/A/Frameworks/vecLib.framework/Versions/A/libLAPACK.dylib
0x0000000006d58000 	/System/Library/Frameworks/Accelerate.framework/Versions/A/Frameworks/vecLib.framework/Versions/A/libBLAS.dylib
0x0000000006d58000 	/System/Library/Frameworks/ApplicationServices.framework/Versions/A/Frameworks/ATS.framework/Versions/A/Resources/libFontParser.dylib
0x0000000006d58000 	/System/Library/Frameworks/ApplicationServices.framework/Versions/A/Frameworks/ATS.framework/Versions/A/Resources/libFontRegistry.dylib
0x0000000006d58000 	/System/Library/Frameworks/ImageIO.framework/Versions/A/Resources/libJPEG.dylib
0x0000000006d58000 	/System/Library/Frameworks/ImageIO.framework/Versions/A/Resources/libTIFF.dylib
0x0000000006d58000 	/System/Library/Frameworks/ImageIO.framework/Versions/A/Resources/libPng.dylib
0x0000000006d58000 	/System/Library/Frameworks/ImageIO.framework/Versions/A/Resources/libGIF.dylib
0x0000000006d58000 	/System/Library/Frameworks/ImageIO.framework/Versions/A/Resources/libJP2.dylib
0x0000000006d58000 	/System/Library/Frameworks/ImageIO.framework/Versions/A/Resources/libRadiance.dylib
0x0000000006d58000 	/usr/lib/libcups.2.dylib
0x0000000006d58000 	/System/Library/Frameworks/Kerberos.framework/Versions/A/Kerberos
0x0000000006d58000 	/System/Library/Frameworks/GSS.framework/Versions/A/GSS
0x0000000006d58000 	/usr/lib/libresolv.9.dylib
0x0000000006d58000 	/usr/lib/libiconv.2.dylib
0x0000000006d58000 	/System/Library/PrivateFrameworks/Heimdal.framework/Versions/A/Heimdal
0x0000000006d58000 	/System/Library/PrivateFrameworks/TrustEvaluationAgent.framework/Versions/A/TrustEvaluationAgent
0x0000000006d58000 	/usr/lib/libheimdal-asn1.dylib
0x0000000006d58000 	/System/Library/Frameworks/OpenDirectory.framework/Versions/A/OpenDirectory
0x0000000006d58000 	/System/Library/PrivateFrameworks/CommonAuth.framework/Versions/A/CommonAuth
0x0000000006d58000 	/System/Library/Frameworks/SecurityFoundation.framework/Versions/A/SecurityFoundation
0x0000000006d58000 	/System/Library/PrivateFrameworks/Bom.framework/Versions/A/Bom
0x0000000006d58000 	/System/Library/Frameworks/CoreVideo.framework/Versions/A/CoreVideo
0x0000000006d58000 	/System/Library/Frameworks/QuartzCore.framework/Versions/A/Frameworks/CoreImage.framework/Versions/A/CoreImage
0x0000000006d58000 	/System/Library/Frameworks/QuartzCore.framework/Versions/A/Frameworks/ScalableUserInterface.framework/Versions/A/ScalableUserInterface
0x0000000006d58000 	/System/Library/Frameworks/OpenGL.framework/Versions/A/Libraries/libGLU.dylib
0x0000000006d58000 	/System/Library/Frameworks/OpenGL.framework/Versions/A/Libraries/libGFXShared.dylib
0x0000000006d58000 	/System/Library/Frameworks/OpenGL.framework/Versions/A/Libraries/libGL.dylib
0x0000000006d58000 	/System/Library/Frameworks/OpenGL.framework/Versions/A/Libraries/libGLImage.dylib
0x0000000006d58000 	/System/Library/Frameworks/OpenGL.framework/Versions/A/Libraries/libCVMSPluginSupport.dylib
0x0000000006d58000 	/System/Library/Frameworks/OpenGL.framework/Versions/A/Libraries/libCoreVMClient.dylib
0x0000000006d58000 	/System/Library/PrivateFrameworks/FaceCore.framework/Versions/A/FaceCore
0x0000000006d58000 	/System/Library/PrivateFrameworks/CrashReporterSupport.framework/Versions/A/CrashReporterSupport
0x0000000006d58000 	/System/Library/Frameworks/OpenCL.framework/Versions/A/OpenCL
0x0000000006d58000 	/System/Library/PrivateFrameworks/AppleFSCompression.framework/Versions/A/AppleFSCompression
0x0000000006d58000 	/System/Library/PrivateFrameworks/Ubiquity.framework/Versions/A/Ubiquity
0x0000000006d58000 	/System/Library/PrivateFrameworks/IconServices.framework/Versions/A/IconServices
0x0000000006d58000 	/System/Library/PrivateFrameworks/ChunkingLibrary.framework/Versions/A/ChunkingLibrary
0x0000000006d58000 	/System/Library/PrivateFrameworks/CoreSymbolication.framework/Versions/A/CoreSymbolication
0x0000000006d58000 	/System/Library/PrivateFrameworks/Symbolication.framework/Versions/A/Symbolication
0x0000000006d58000 	/System/Library/PrivateFrameworks/DebugSymbols.framework/Versions/A/DebugSymbols
0x0000000105675000 	/Library/Java/JavaVirtualMachines/jdk1.7.0_45.jdk/Contents/Home/jre/lib/server/libjvm.dylib
0x0000000006d58000 	/usr/lib/libstdc++.6.dylib
0x00000001061e1000 	/Library/Java/JavaVirtualMachines/jdk1.7.0_45.jdk/Contents/Home/jre/lib/libverify.dylib
0x0000000107200000 	/Library/Java/JavaVirtualMachines/jdk1.7.0_45.jdk/Contents/Home/jre/lib/libjava.dylib
0x0000000107230000 	/Library/Java/JavaVirtualMachines/jdk1.7.0_45.jdk/Contents/Home/jre/lib/libzip.dylib
0x0000000111b30000 	/System/Library/Frameworks/JavaVM.framework/Frameworks/JavaRuntimeSupport.framework/JavaRuntimeSupport
0x0000000111b48000 	/System/Library/Frameworks/JavaVM.framework/Versions/A/Frameworks/JavaNativeFoundation.framework/Versions/A/JavaNativeFoundation
0x0000000111b5d000 	/System/Library/Frameworks/JavaVM.framework/Versions/A/JavaVM
0x0000000006d58000 	/System/Library/Frameworks/Carbon.framework/Versions/A/Carbon
0x0000000111b6a000 	/System/Library/PrivateFrameworks/JavaLaunching.framework/Versions/A/JavaLaunching
0x0000000006d58000 	/System/Library/Frameworks/Carbon.framework/Versions/A/Frameworks/CommonPanels.framework/Versions/A/CommonPanels
0x0000000006d58000 	/System/Library/Frameworks/Carbon.framework/Versions/A/Frameworks/Help.framework/Versions/A/Help
0x0000000006d58000 	/System/Library/Frameworks/Carbon.framework/Versions/A/Frameworks/ImageCapture.framework/Versions/A/ImageCapture
0x0000000006d58000 	/System/Library/Frameworks/Carbon.framework/Versions/A/Frameworks/OpenScripting.framework/Versions/A/OpenScripting
0x0000000006d58000 	/System/Library/Frameworks/Carbon.framework/Versions/A/Frameworks/Print.framework/Versions/A/Print
0x0000000006d58000 	/System/Library/Frameworks/Carbon.framework/Versions/A/Frameworks/SecurityHI.framework/Versions/A/SecurityHI
0x000000011247a000 	/Applications/IntelliJ IDEA 13 CE.app/bin/libbreakgen64.jnilib
0x0000000112580000 	/Library/Java/JavaVirtualMachines/jdk1.7.0_45.jdk/Contents/Home/jre/lib/libnet.dylib
0x000000011282d000 	/private/var/folders/4v/x65l44qn0wb4p99c46ccx0q00000gn/T/libgdxdant3/e4139f10/libgdx64.dylib
0x00000001128ac000 	/Library/Java/JavaVirtualMachines/jdk1.7.0_45.jdk/Contents/Home/jre/lib/libawt.dylib
0x000000011295b000 	/Library/Java/JavaVirtualMachines/jdk1.7.0_45.jdk/Contents/Home/jre/lib/./libmlib_image.dylib
0x0000000112dad000 	/Library/Java/JavaVirtualMachines/jdk1.7.0_45.jdk/Contents/Home/jre/lib/lwawt/liblwawt.dylib
0x00000001126e1000 	/Library/Java/JavaVirtualMachines/jdk1.7.0_45.jdk/Contents/Home/jre/lib/libosxapp.dylib
0x0000000006d58000 	/System/Library/Frameworks/ExceptionHandling.framework/Versions/A/ExceptionHandling
0x0000000006d58000 	/System/Library/PrivateFrameworks/CoreServicesInternal.framework/Versions/A/CoreServicesInternal
0x0000000006d58000 	/System/Library/PrivateFrameworks/Librarian.framework/Versions/A/Librarian
0x0000000006d58000 	/System/Library/Frameworks/CoreGraphics.framework/Versions/A/Resources/libCGCMS.A.dylib
0x0000000006d58000 	/System/Library/Frameworks/CoreGraphics.framework/Versions/A/Resources/libRIP.A.dylib
0x0000000006d58000 	/System/Library/Frameworks/CoreGraphics.framework/Versions/A/Resources/libCGXType.A.dylib
0x0000000006d58000 	/System/Library/PrivateFrameworks/FamilyControls.framework/Versions/A/FamilyControls
0x0000000006d58000 	/System/Library/PrivateFrameworks/CommerceKit.framework/Versions/A/Frameworks/CommerceCore.framework/Versions/A/CommerceCore
0x0000000006d58000 	/System/Library/PrivateFrameworks/SystemAdministration.framework/Versions/A/SystemAdministration
0x0000000006d58000 	/System/Library/Frameworks/DirectoryService.framework/Versions/A/DirectoryService
0x0000000006d58000 	/System/Library/PrivateFrameworks/DiskImages.framework/Versions/A/DiskImages
0x0000000006d58000 	/System/Library/PrivateFrameworks/LoginUIKit.framework/Versions/A/Frameworks/LoginUICore.framework/Versions/A/LoginUICore
0x0000000006d58000 	/usr/lib/libCoreStorage.dylib
0x0000000006d58000 	/usr/lib/libcsfde.dylib
0x0000000006d58000 	/usr/lib/libodfde.dylib
0x0000000006d58000 	/System/Library/Frameworks/DiscRecording.framework/Versions/A/DiscRecording
0x0000000006d58000 	/usr/lib/libcurl.4.dylib
0x0000000006d58000 	/System/Library/PrivateFrameworks/MediaKit.framework/Versions/A/MediaKit
0x0000000006d58000 	/System/Library/PrivateFrameworks/EFILogin.framework/Versions/A/EFILogin
0x0000000006d58000 	/usr/lib/libutil.dylib
0x0000000006d58000 	/System/Library/PrivateFrameworks/AOSNotification.framework/Versions/A/AOSNotification
0x0000000006d58000 	/System/Library/Frameworks/LDAP.framework/Versions/A/LDAP
0x0000000006d58000 	/usr/lib/libsasl2.2.dylib
0x0000000006d58000 	/usr/lib/libcrypto.0.9.8.dylib
0x0000000006d58000 	/usr/lib/libssl.0.9.8.dylib
0x00000001176a4000 	/Library/Java/JavaVirtualMachines/jdk1.7.0_45.jdk/Contents/Home/jre/lib/libfontmanager.dylib
0x0000000117708000 	/private/var/folders/4v/x65l44qn0wb4p99c46ccx0q00000gn/T/libgdxdant3/45614fc1/liblwjgl.dylib
0x00000001125ec000 	/Library/Java/JavaVirtualMachines/jdk1.7.0_45.jdk/Contents/Home/jre/lib/libjawt.dylib
0x0000000117787000 	/var/folders/4v/x65l44qn0wb4p99c46ccx0q00000gn/T/libgdxdant3/45614fc1/openal.dylib
0x00000001177e3000 	/System/Library/Components/CoreAudio.component/Contents/MacOS/CoreAudio
0x000000011266e000 	/System/Library/Extensions/AppleHDA.kext/Contents/PlugIns/AppleHDAHALPlugIn.bundle/Contents/MacOS/AppleHDAHALPlugIn
0x0000000006d58000 	/System/Library/Frameworks/OpenGL.framework/Versions/A/Resources/GLEngine.bundle/GLEngine
0x0000000006d58000 	/System/Library/Frameworks/OpenGL.framework/Versions/A/Libraries/libGLProgrammability.dylib
0x0000000000000000 	/System/Library/Extensions/AppleIntelHD4000GraphicsGLDriver.bundle/Contents/MacOS/AppleIntelHD4000GraphicsGLDriver
0x0000000006d58000 	/System/Library/PrivateFrameworks/IOAccelerator.framework/Versions/A/IOAccelerator
0x0000000006d58000 	/System/Library/PrivateFrameworks/GPUSupport.framework/Versions/A/Libraries/libGPUSupportMercury.dylib
0x0000000000000000 	/System/Library/Extensions/GeForceGLDriver.bundle/Contents/MacOS/GeForceGLDriver
0x0000000006d58000 	/System/Library/Extensions/GeForceGLDriver.bundle/Contents/MacOS/libclh.dylib
0x0000000006d58000 	/System/Library/Frameworks/OpenGL.framework/Versions/A/Resources/GLRendererFloat.bundle/GLRendererFloat
0x0000000006d58000 	/System/Library/Frameworks/OpenCL.framework/Versions/A/Libraries/libcldcpuengine.dylib
0x000000011264c000 	cl_kernels
0x0000000119483000 	/System/Library/Frameworks/OpenCL.framework/Versions/A/Libraries/ImageFormats/unorm8_bgra.dylib
0x000000011265f000 	cl_kernels
0x0000000112664000 	cl_kernels
0x000000011266a000 	cl_kernels
0x00000001195ab000 	/System/Library/Frameworks/OpenCL.framework/Versions/A/Libraries/ImageFormats/unorm8_argb.dylib

VM Arguments:
jvm_args: -Didea.launcher.port=7535 -Didea.launcher.bin.path=/Applications/IntelliJ IDEA 13 CE.app/bin -Dfile.encoding=UTF-8 
java_command: com.intellij.rt.execution.application.AppMain com.github.dant3.balloons.Main
Launcher Type: SUN_STANDARD

Environment Variables:
PATH=/Users/dant3/.homebrew/bin:/Users/dant3/.homebrew/sbin:/usr/bin:/bin:/usr/sbin:/sbin:/usr/local/bin:/opt/X11/bin:/Users/dant3/Tools:/Users/dant3/Tools/android-sdk/tools:/Users/dant3/Tools/android-sdk/platform-tools
SHELL=/bin/bash
DISPLAY=/tmp/launch-7ErPqx/org.macosforge.xquartz:0

Signal Handlers:
SIGSEGV: [libjvm.dylib+0x525415], sa_mask[0]=0xfffefeff, sa_flags=0x00000043
SIGBUS: [libjvm.dylib+0x525415], sa_mask[0]=0xfffefeff, sa_flags=0x00000042
SIGFPE: [libjvm.dylib+0x41891a], sa_mask[0]=0xfffefeff, sa_flags=0x00000042
SIGPIPE: [libjvm.dylib+0x41891a], sa_mask[0]=0xfffefeff, sa_flags=0x00000042
SIGXFSZ: [libjvm.dylib+0x41891a], sa_mask[0]=0xfffefeff, sa_flags=0x00000042
SIGILL: [libjvm.dylib+0x41891a], sa_mask[0]=0xfffefeff, sa_flags=0x00000042
SIGUSR1: SIG_DFL, sa_mask[0]=0x00000000, sa_flags=0x00000002
SIGUSR2: [libjvm.dylib+0x41840c], sa_mask[0]=0x00000004, sa_flags=0x00000042
SIGHUP: [libjvm.dylib+0x41669b], sa_mask[0]=0xfffefeff, sa_flags=0x00000042
SIGINT: [libjvm.dylib+0x41669b], sa_mask[0]=0xfffefeff, sa_flags=0x00000042
SIGTERM: [libjvm.dylib+0x41669b], sa_mask[0]=0xfffefeff, sa_flags=0x00000042
SIGQUIT: [libjvm.dylib+0x41669b], sa_mask[0]=0xfffefeff, sa_flags=0x00000042


---------------  S Y S T E M  ---------------

OS:Bsduname:Darwin 13.3.0 Darwin Kernel Version 13.3.0: Tue Jun  3 21:27:35 PDT 2014; root:xnu-2422.110.17~1/RELEASE_X86_64 x86_64
rlimit: STACK 8192k, CORE 0k, NPROC 709, NOFILE 10240, AS infinity
load average:2.12 2.09 2.21

CPU:total 8 (4 cores per cpu, 2 threads per core) family 6 model 58 stepping 9, cmov, cx8, fxsr, mmx, sse, sse2, sse3, ssse3, sse4.1, sse4.2, popcnt, avx, aes, erms, ht, tsc, tscinvbit, tscinv

Memory: 4k page, physical 8388608k(2097152k free)

/proc/meminfo:


vm_info: Java HotSpot(TM) 64-Bit Server VM (24.45-b08) for bsd-amd64 JRE (1.7.0_45-b18), built on Oct  8 2013 05:54:16 by "java_re" with gcc 4.2.1 (Based on Apple Inc. build 5658) (LLVM build 2336.11.00)

time: Sat Sep 13 22:18:40 2014
elapsed time: 7886 seconds

